
10월 15, 2024 17:23:03.108 NEW SESSION
10월 15, 2024 17:23:03.108 Created TensorFlow Lite XNNPACK delegate for CPU.
10월 15, 2024 17:23:03.237 [16568:19208:1015/172303.237:ERROR:registration_request.cc(291)] Registration response error message: DEPRECATED_ENDPOINT
10월 15, 2024 17:23:27.67 [16568:19208:1015/172327.066:ERROR:registration_request.cc(291)] Registration response error message: DEPRECATED_ENDPOINT
10월 15, 2024 17:24:20.641 [16568:19208:1015/172420.641:ERROR:registration_request.cc(291)] Registration response error message: DEPRECATED_ENDPOINT
10월 15, 2024 17:26:17.713 [16568:19208:1015/172617.713:ERROR:registration_request.cc(291)] Registration response error message: DEPRECATED_ENDPOINT
10월 15, 2024 17:26:35.658 Created TensorFlow Lite XNNPACK delegate for CPU.
10월 15, 2024 17:26:35.855 [9712:9820:1015/172635.855:ERROR:registration_request.cc(291)] Registration response error message: DEPRECATED_ENDPOINT
10월 15, 2024 17:26:56.658 [9712:9820:1015/172656.657:ERROR:connection_factory_impl.cc(434)] Failed to connect to MCS endpoint with error -118
10월 15, 2024 17:27:04.827 [9712:9820:1015/172704.826:ERROR:registration_request.cc(291)] Registration response error message: DEPRECATED_ENDPOINT
10월 15, 2024 17:27:50.473 [9712:9820:1015/172750.473:ERROR:registration_request.cc(291)] Registration response error message: DEPRECATED_ENDPOINT
10월 15, 2024 17:29:50.477 [9712:9820:1015/172950.477:ERROR:registration_request.cc(291)] Registration response error message: DEPRECATED_ENDPOINT
10월 15, 2024 17:32:53.356 [9712:9820:1015/173253.356:ERROR:registration_request.cc(291)] Registration response error message: DEPRECATED_ENDPOINT
10월 15, 2024 17:38:56.399 [9712:9820:1015/173856.399:ERROR:registration_request.cc(291)] Registration response error message: DEPRECATED_ENDPOINT

10월 17, 2024 08:30:31.434 NEW SESSION
10월 17, 2024 08:30:31.434 [10068:12960:1017/083031.432:ERROR:registration_request.cc(291)] Registration response error message: DEPRECATED_ENDPOINT
10월 17, 2024 08:30:31.439 Created TensorFlow Lite XNNPACK delegate for CPU.
10월 17, 2024 08:30:57.362 [10068:12960:1017/083057.362:ERROR:registration_request.cc(291)] Registration response error message: DEPRECATED_ENDPOINT
10월 17, 2024 08:31:37.993 [10068:12960:1017/083137.992:ERROR:registration_request.cc(291)] Registration response error message: DEPRECATED_ENDPOINT
10월 17, 2024 08:33:25.866 [10068:12960:1017/083325.866:ERROR:registration_request.cc(291)] Registration response error message: DEPRECATED_ENDPOINT
10월 17, 2024 08:36:23.955 [10068:12960:1017/083623.955:ERROR:registration_request.cc(291)] Registration response error message: DEPRECATED_ENDPOINT
10월 17, 2024 08:40:34.70 Created TensorFlow Lite XNNPACK delegate for CPU.
10월 17, 2024 08:40:34.329 [12080:8308:1017/084034.329:ERROR:registration_request.cc(291)] Registration response error message: DEPRECATED_ENDPOINT
10월 17, 2024 08:40:55.605 [12080:8308:1017/084055.604:ERROR:registration_request.cc(291)] Registration response error message: DEPRECATED_ENDPOINT
10월 17, 2024 08:41:49.868 [12080:8308:1017/084149.867:ERROR:registration_request.cc(291)] Registration response error message: DEPRECATED_ENDPOINT
10월 17, 2024 08:43:17.237 [12080:8308:1017/084317.236:ERROR:registration_request.cc(291)] Registration response error message: DEPRECATED_ENDPOINT
10월 17, 2024 08:46:01.601 [12080:8308:1017/084601.600:ERROR:registration_request.cc(291)] Registration response error message: DEPRECATED_ENDPOINT
10월 17, 2024 08:52:46.222 [12080:8308:1017/085246.221:ERROR:registration_request.cc(291)] Registration response error message: DEPRECATED_ENDPOINT
10월 17, 2024 10:06:18.612 [12080:17632:1017/100618.612:ERROR:CONSOLE(1)] "Unknown VE context: language-mismatch", source: devtools://devtools/bundled/devtools-frontend/front_end/ui/visual_logging/visual_logging.js (1)
10월 17, 2024 10:06:19.146 [12080:17632:1017/100619.145:ERROR:CONSOLE(1)] "Unknown VE context: language-mismatch", source: devtools://devtools/bundled/devtools-frontend/front_end/ui/visual_logging/visual_logging.js (1)
10월 17, 2024 10:06:19.693 [12080:17632:1017/100619.692:ERROR:CONSOLE(1)] "Unknown VE context: language-mismatch", source: devtools://devtools/bundled/devtools-frontend/front_end/ui/visual_logging/visual_logging.js (1)
10월 17, 2024 10:06:20.625 [12080:17632:1017/100620.625:ERROR:CONSOLE(1)] "Unknown VE context: language-mismatch", source: devtools://devtools/bundled/devtools-frontend/front_end/ui/visual_logging/visual_logging.js (1)
10월 17, 2024 10:06:38.108 [12080:17632:1017/100638.107:ERROR:CONSOLE(1)] "Unknown VE context: language-mismatch", source: devtools://devtools/bundled/devtools-frontend/front_end/ui/visual_logging/visual_logging.js (1)
10월 17, 2024 10:06:38.623 [12080:17632:1017/100638.623:ERROR:CONSOLE(1)] "Unknown VE context: language-mismatch", source: devtools://devtools/bundled/devtools-frontend/front_end/ui/visual_logging/visual_logging.js (1)
10월 17, 2024 10:06:41.459 [12080:17632:1017/100641.459:ERROR:CONSOLE(1)] "Unknown VE context: language-mismatch", source: devtools://devtools/bundled/devtools-frontend/front_end/ui/visual_logging/visual_logging.js (1)
10월 17, 2024 10:06:41.976 [12080:17632:1017/100641.976:ERROR:CONSOLE(1)] "Unknown VE context: language-mismatch", source: devtools://devtools/bundled/devtools-frontend/front_end/ui/visual_logging/visual_logging.js (1)
10월 17, 2024 10:06:42.624 [12080:17632:1017/100642.624:ERROR:CONSOLE(1)] "Unknown VE context: language-mismatch", source: devtools://devtools/bundled/devtools-frontend/front_end/ui/visual_logging/visual_logging.js (1)
10월 17, 2024 10:19:31.988 [12080:17632:1017/101931.987:ERROR:CONSOLE(1)] "Unknown VE context: language-mismatch", source: devtools://devtools/bundled/devtools-frontend/front_end/ui/visual_logging/visual_logging.js (1)
10월 17, 2024 10:19:32.511 [12080:17632:1017/101932.510:ERROR:CONSOLE(1)] "Unknown VE context: language-mismatch", source: devtools://devtools/bundled/devtools-frontend/front_end/ui/visual_logging/visual_logging.js (1)
10월 17, 2024 10:19:33.93 [12080:17632:1017/101933.092:ERROR:CONSOLE(1)] "Unknown VE context: language-mismatch", source: devtools://devtools/bundled/devtools-frontend/front_end/ui/visual_logging/visual_logging.js (1)
10월 17, 2024 10:19:34.10 [12080:17632:1017/101934.009:ERROR:CONSOLE(1)] "Unknown VE context: language-mismatch", source: devtools://devtools/bundled/devtools-frontend/front_end/ui/visual_logging/visual_logging.js (1)
10월 17, 2024 10:19:34.744 [12080:17632:1017/101934.743:ERROR:CONSOLE(1)] "Unknown VE context: language-mismatch", source: devtools://devtools/bundled/devtools-frontend/front_end/ui/visual_logging/visual_logging.js (1)
10월 17, 2024 10:19:38.458 [12080:17632:1017/101938.458:ERROR:CONSOLE(1)] "Unknown VE context: language-mismatch", source: devtools://devtools/bundled/devtools-frontend/front_end/ui/visual_logging/visual_logging.js (1)
10월 17, 2024 10:20:03.01 [12080:17632:1017/102003.001:ERROR:CONSOLE(1)] "Unknown VE context: language-mismatch", source: devtools://devtools/bundled/devtools-frontend/front_end/ui/visual_logging/visual_logging.js (1)
10월 17, 2024 10:20:21.190 [12080:17632:1017/102021.190:ERROR:CONSOLE(1)] "Unknown VE context: language-mismatch", source: devtools://devtools/bundled/devtools-frontend/front_end/ui/visual_logging/visual_logging.js (1)
10월 17, 2024 10:20:21.700 [12080:17632:1017/102021.699:ERROR:CONSOLE(1)] "Unknown VE context: language-mismatch", source: devtools://devtools/bundled/devtools-frontend/front_end/ui/visual_logging/visual_logging.js (1)
10월 17, 2024 10:20:22.744 [12080:17632:1017/102022.743:ERROR:CONSOLE(1)] "Unknown VE context: language-mismatch", source: devtools://devtools/bundled/devtools-frontend/front_end/ui/visual_logging/visual_logging.js (1)
10월 17, 2024 10:20:30.126 [12080:17632:1017/102030.126:ERROR:CONSOLE(1)] "Unknown VE context: language-mismatch", source: devtools://devtools/bundled/devtools-frontend/front_end/ui/visual_logging/visual_logging.js (1)
10월 17, 2024 10:20:30.660 [12080:17632:1017/102030.660:ERROR:CONSOLE(1)] "Unknown VE context: language-mismatch", source: devtools://devtools/bundled/devtools-frontend/front_end/ui/visual_logging/visual_logging.js (1)
10월 17, 2024 10:20:32.126 [12080:17632:1017/102032.125:ERROR:CONSOLE(1)] "Unknown VE context: language-mismatch", source: devtools://devtools/bundled/devtools-frontend/front_end/ui/visual_logging/visual_logging.js (1)
10월 17, 2024 10:20:35.661 [12080:17632:1017/102035.661:ERROR:CONSOLE(1)] "Unknown VE context: language-mismatch", source: devtools://devtools/bundled/devtools-frontend/front_end/ui/visual_logging/visual_logging.js (1)
10월 17, 2024 11:12:02.729 [12080:17632:1017/111202.729:ERROR:CONSOLE(1)] "Unknown VE context: language-mismatch", source: devtools://devtools/bundled/devtools-frontend/front_end/ui/visual_logging/visual_logging.js (1)
10월 17, 2024 11:12:03.261 [12080:17632:1017/111203.261:ERROR:CONSOLE(1)] "Unknown VE context: language-mismatch", source: devtools://devtools/bundled/devtools-frontend/front_end/ui/visual_logging/visual_logging.js (1)
10월 17, 2024 11:12:04.743 [12080:17632:1017/111204.743:ERROR:CONSOLE(1)] "Unknown VE context: language-mismatch", source: devtools://devtools/bundled/devtools-frontend/front_end/ui/visual_logging/visual_logging.js (1)
10월 17, 2024 11:12:06.828 [12080:17632:1017/111206.828:ERROR:CONSOLE(1)] "Unknown VE context: language-mismatch", source: devtools://devtools/bundled/devtools-frontend/front_end/ui/visual_logging/visual_logging.js (1)
10월 17, 2024 11:32:57.844 [12080:17632:1017/113257.844:ERROR:CONSOLE(1)] "Unknown VE context: language-mismatch", source: devtools://devtools/bundled/devtools-frontend/front_end/ui/visual_logging/visual_logging.js (1)
10월 17, 2024 11:32:58.377 [12080:17632:1017/113258.377:ERROR:CONSOLE(1)] "Unknown VE context: language-mismatch", source: devtools://devtools/bundled/devtools-frontend/front_end/ui/visual_logging/visual_logging.js (1)
10월 17, 2024 11:32:59.859 [12080:17632:1017/113259.859:ERROR:CONSOLE(1)] "Unknown VE context: language-mismatch", source: devtools://devtools/bundled/devtools-frontend/front_end/ui/visual_logging/visual_logging.js (1)
10월 17, 2024 11:33:00.407 [12080:17632:1017/113300.407:ERROR:CONSOLE(1)] "Unknown VE context: language-mismatch", source: devtools://devtools/bundled/devtools-frontend/front_end/ui/visual_logging/visual_logging.js (1)
10월 17, 2024 11:33:00.976 [12080:17632:1017/113300.975:ERROR:CONSOLE(1)] "Unknown VE context: language-mismatch", source: devtools://devtools/bundled/devtools-frontend/front_end/ui/visual_logging/visual_logging.js (1)
10월 17, 2024 11:33:04.476 [12080:17632:1017/113304.476:ERROR:CONSOLE(1)] "Unknown VE context: language-mismatch", source: devtools://devtools/bundled/devtools-frontend/front_end/ui/visual_logging/visual_logging.js (1)
10월 17, 2024 11:33:47.325 [12080:17632:1017/113347.325:ERROR:CONSOLE(1)] "Unknown VE context: language-mismatch", source: devtools://devtools/bundled/devtools-frontend/front_end/ui/visual_logging/visual_logging.js (1)
10월 17, 2024 11:33:47.861 [12080:17632:1017/113347.860:ERROR:CONSOLE(1)] "Unknown VE context: language-mismatch", source: devtools://devtools/bundled/devtools-frontend/front_end/ui/visual_logging/visual_logging.js (1)
10월 17, 2024 11:33:48.510 [12080:17632:1017/113348.510:ERROR:CONSOLE(1)] "Unknown VE context: language-mismatch", source: devtools://devtools/bundled/devtools-frontend/front_end/ui/visual_logging/visual_logging.js (1)
10월 17, 2024 11:33:49.326 [12080:17632:1017/113349.325:ERROR:CONSOLE(1)] "Unknown VE context: language-mismatch", source: devtools://devtools/bundled/devtools-frontend/front_end/ui/visual_logging/visual_logging.js (1)
10월 17, 2024 11:33:52.558 [12080:17632:1017/113352.558:ERROR:CONSOLE(1)] "Unknown VE context: language-mismatch", source: devtools://devtools/bundled/devtools-frontend/front_end/ui/visual_logging/visual_logging.js (1)
10월 17, 2024 11:33:53.142 [12080:17632:1017/113353.141:ERROR:CONSOLE(1)] "Unknown VE context: language-mismatch", source: devtools://devtools/bundled/devtools-frontend/front_end/ui/visual_logging/visual_logging.js (1)
10월 17, 2024 11:33:56.126 [12080:17632:1017/113356.126:ERROR:CONSOLE(1)] "Unknown VE context: language-mismatch", source: devtools://devtools/bundled/devtools-frontend/front_end/ui/visual_logging/visual_logging.js (1)
10월 17, 2024 11:33:56.827 [12080:17632:1017/113356.826:ERROR:CONSOLE(1)] "Unknown VE context: language-mismatch", source: devtools://devtools/bundled/devtools-frontend/front_end/ui/visual_logging/visual_logging.js (1)
10월 17, 2024 11:33:57.607 [12080:17632:1017/113357.606:ERROR:CONSOLE(1)] "Unknown VE context: language-mismatch", source: devtools://devtools/bundled/devtools-frontend/front_end/ui/visual_logging/visual_logging.js (1)
10월 17, 2024 11:33:58.307 [12080:17632:1017/113358.306:ERROR:CONSOLE(1)] "Unknown VE context: language-mismatch", source: devtools://devtools/bundled/devtools-frontend/front_end/ui/visual_logging/visual_logging.js (1)
10월 17, 2024 11:33:58.955 [12080:17632:1017/113358.955:ERROR:CONSOLE(1)] "Unknown VE context: language-mismatch", source: devtools://devtools/bundled/devtools-frontend/front_end/ui/visual_logging/visual_logging.js (1)
10월 17, 2024 11:33:59.675 [12080:17632:1017/113359.675:ERROR:CONSOLE(1)] "Unknown VE context: language-mismatch", source: devtools://devtools/bundled/devtools-frontend/front_end/ui/visual_logging/visual_logging.js (1)
10월 17, 2024 11:34:01.458 [12080:17632:1017/113401.457:ERROR:CONSOLE(1)] "Unknown VE context: language-mismatch", source: devtools://devtools/bundled/devtools-frontend/front_end/ui/visual_logging/visual_logging.js (1)
10월 17, 2024 11:34:02.775 [12080:17632:1017/113402.774:ERROR:CONSOLE(1)] "Unknown VE context: language-mismatch", source: devtools://devtools/bundled/devtools-frontend/front_end/ui/visual_logging/visual_logging.js (1)
10월 17, 2024 11:34:03.592 [12080:17632:1017/113403.591:ERROR:CONSOLE(1)] "Unknown VE context: language-mismatch", source: devtools://devtools/bundled/devtools-frontend/front_end/ui/visual_logging/visual_logging.js (1)
10월 17, 2024 11:47:45.430 [12080:17632:1017/114745.429:ERROR:CONSOLE(1)] "Unknown VE context: language-mismatch", source: devtools://devtools/bundled/devtools-frontend/front_end/ui/visual_logging/visual_logging.js (1)
10월 17, 2024 11:47:45.977 [12080:17632:1017/114745.977:ERROR:CONSOLE(1)] "Unknown VE context: language-mismatch", source: devtools://devtools/bundled/devtools-frontend/front_end/ui/visual_logging/visual_logging.js (1)
10월 17, 2024 11:47:47.443 [12080:17632:1017/114747.443:ERROR:CONSOLE(1)] "Unknown VE context: language-mismatch", source: devtools://devtools/bundled/devtools-frontend/front_end/ui/visual_logging/visual_logging.js (1)
10월 17, 2024 11:47:48.360 [12080:17632:1017/114748.360:ERROR:CONSOLE(1)] "Unknown VE context: language-mismatch", source: devtools://devtools/bundled/devtools-frontend/front_end/ui/visual_logging/visual_logging.js (1)
10월 17, 2024 11:47:54.541 [12080:17632:1017/114754.541:ERROR:CONSOLE(1)] "Unknown VE context: language-mismatch", source: devtools://devtools/bundled/devtools-frontend/front_end/ui/visual_logging/visual_logging.js (1)
10월 17, 2024 14:00:45.933 [12080:17632:1017/140045.933:ERROR:interface_endpoint_client.cc(725)] Message 0 rejected by interface blink.mojom.WidgetHost
10월 17, 2024 14:01:22.230 [12080:17632:1017/140122.230:ERROR:interface_endpoint_client.cc(725)] Message 0 rejected by interface blink.mojom.WidgetHost
10월 17, 2024 15:50:21.739 [12080:17632:1017/155021.738:ERROR:CONSOLE(1)] "Unknown VE context: language-mismatch", source: devtools://devtools/bundled/devtools-frontend/front_end/ui/visual_logging/visual_logging.js (1)
10월 17, 2024 15:50:22.278 [12080:17632:1017/155022.278:ERROR:CONSOLE(1)] "Unknown VE context: language-mismatch", source: devtools://devtools/bundled/devtools-frontend/front_end/ui/visual_logging/visual_logging.js (1)
10월 17, 2024 15:50:23.743 [12080:17632:1017/155023.743:ERROR:CONSOLE(1)] "Unknown VE context: language-mismatch", source: devtools://devtools/bundled/devtools-frontend/front_end/ui/visual_logging/visual_logging.js (1)
10월 17, 2024 15:50:24.730 [12080:17632:1017/155024.729:ERROR:CONSOLE(1)] "Unknown VE context: language-mismatch", source: devtools://devtools/bundled/devtools-frontend/front_end/ui/visual_logging/visual_logging.js (1)
10월 17, 2024 15:50:25.411 [12080:17632:1017/155025.410:ERROR:CONSOLE(1)] "Unknown VE context: language-mismatch", source: devtools://devtools/bundled/devtools-frontend/front_end/ui/visual_logging/visual_logging.js (1)
10월 17, 2024 15:50:27.855 [12080:17632:1017/155027.847:ERROR:CONSOLE(1)] "Unknown VE context: language-mismatch", source: devtools://devtools/bundled/devtools-frontend/front_end/ui/visual_logging/visual_logging.js (1)
10월 17, 2024 15:50:28.361 [12080:17632:1017/155028.360:ERROR:CONSOLE(1)] "Unknown VE context: language-mismatch", source: devtools://devtools/bundled/devtools-frontend/front_end/ui/visual_logging/visual_logging.js (1)
10월 17, 2024 15:50:29.208 [12080:17632:1017/155029.208:ERROR:CONSOLE(1)] "Unknown VE context: language-mismatch", source: devtools://devtools/bundled/devtools-frontend/front_end/ui/visual_logging/visual_logging.js (1)
10월 17, 2024 15:50:31.25 [12080:17632:1017/155031.025:ERROR:CONSOLE(1)] "Unknown VE context: language-mismatch", source: devtools://devtools/bundled/devtools-frontend/front_end/ui/visual_logging/visual_logging.js (1)
10월 17, 2024 15:50:31.542 [12080:17632:1017/155031.542:ERROR:CONSOLE(1)] "Unknown VE context: language-mismatch", source: devtools://devtools/bundled/devtools-frontend/front_end/ui/visual_logging/visual_logging.js (1)
10월 17, 2024 15:50:33.412 [12080:17632:1017/155033.412:ERROR:CONSOLE(1)] "Unknown VE context: language-mismatch", source: devtools://devtools/bundled/devtools-frontend/front_end/ui/visual_logging/visual_logging.js (1)
10월 17, 2024 15:50:33.977 [12080:17632:1017/155033.976:ERROR:CONSOLE(1)] "Unknown VE context: language-mismatch", source: devtools://devtools/bundled/devtools-frontend/front_end/ui/visual_logging/visual_logging.js (1)
10월 17, 2024 15:50:34.505 [12080:17632:1017/155034.504:ERROR:CONSOLE(1)] "Unknown VE context: language-mismatch", source: devtools://devtools/bundled/devtools-frontend/front_end/ui/visual_logging/visual_logging.js (1)
10월 17, 2024 15:50:35.09 [12080:17632:1017/155035.008:ERROR:CONSOLE(1)] "Unknown VE context: language-mismatch", source: devtools://devtools/bundled/devtools-frontend/front_end/ui/visual_logging/visual_logging.js (1)
10월 17, 2024 15:50:36.09 [12080:17632:1017/155036.009:ERROR:CONSOLE(1)] "Unknown VE context: language-mismatch", source: devtools://devtools/bundled/devtools-frontend/front_end/ui/visual_logging/visual_logging.js (1)
10월 17, 2024 15:52:30.224 [12080:17632:1017/155230.224:ERROR:CONSOLE(1)] "Unknown VE context: language-mismatch", source: devtools://devtools/bundled/devtools-frontend/front_end/ui/visual_logging/visual_logging.js (1)
10월 17, 2024 16:42:44.214 [12080:17632:1017/164244.213:ERROR:CONSOLE(1)] "Unknown VE context: language-mismatch", source: devtools://devtools/bundled/devtools-frontend/front_end/ui/visual_logging/visual_logging.js (1)
10월 17, 2024 16:42:44.745 [12080:17632:1017/164244.744:ERROR:CONSOLE(1)] "Unknown VE context: language-mismatch", source: devtools://devtools/bundled/devtools-frontend/front_end/ui/visual_logging/visual_logging.js (1)
10월 17, 2024 16:42:46.160 [12080:17632:1017/164246.160:ERROR:CONSOLE(1)] "Unknown VE context: language-mismatch", source: devtools://devtools/bundled/devtools-frontend/front_end/ui/visual_logging/visual_logging.js (1)
10월 17, 2024 16:42:46.714 [12080:17632:1017/164246.713:ERROR:CONSOLE(1)] "Unknown VE context: language-mismatch", source: devtools://devtools/bundled/devtools-frontend/front_end/ui/visual_logging/visual_logging.js (1)
10월 17, 2024 16:42:50.592 [12080:17632:1017/164250.592:ERROR:CONSOLE(1)] "Unknown VE context: language-mismatch", source: devtools://devtools/bundled/devtools-frontend/front_end/ui/visual_logging/visual_logging.js (1)
10월 17, 2024 16:42:53.200 [12080:17632:1017/164253.200:ERROR:CONSOLE(1)] "Unknown VE context: language-mismatch", source: devtools://devtools/bundled/devtools-frontend/front_end/ui/visual_logging/visual_logging.js (1)
10월 17, 2024 16:42:53.717 [12080:17632:1017/164253.717:ERROR:CONSOLE(1)] "Unknown VE context: language-mismatch", source: devtools://devtools/bundled/devtools-frontend/front_end/ui/visual_logging/visual_logging.js (1)
10월 17, 2024 16:42:55.201 [12080:17632:1017/164255.201:ERROR:CONSOLE(1)] "Unknown VE context: language-mismatch", source: devtools://devtools/bundled/devtools-frontend/front_end/ui/visual_logging/visual_logging.js (1)
10월 17, 2024 16:42:55.844 [12080:17632:1017/164255.844:ERROR:CONSOLE(1)] "Unknown VE context: language-mismatch", source: devtools://devtools/bundled/devtools-frontend/front_end/ui/visual_logging/visual_logging.js (1)
10월 17, 2024 16:42:58.542 [12080:17632:1017/164258.542:ERROR:CONSOLE(1)] "Unknown VE context: language-mismatch", source: devtools://devtools/bundled/devtools-frontend/front_end/ui/visual_logging/visual_logging.js (1)
10월 17, 2024 16:48:02.167 [12080:17632:1017/164802.167:ERROR:CONSOLE(1)] "Unknown VE context: language-mismatch", source: devtools://devtools/bundled/devtools-frontend/front_end/ui/visual_logging/visual_logging.js (1)
10월 17, 2024 16:48:02.695 [12080:17632:1017/164802.694:ERROR:CONSOLE(1)] "Unknown VE context: language-mismatch", source: devtools://devtools/bundled/devtools-frontend/front_end/ui/visual_logging/visual_logging.js (1)
10월 17, 2024 16:48:04.171 [12080:17632:1017/164804.170:ERROR:CONSOLE(1)] "Unknown VE context: language-mismatch", source: devtools://devtools/bundled/devtools-frontend/front_end/ui/visual_logging/visual_logging.js (1)
10월 17, 2024 16:48:06.774 [12080:17632:1017/164806.774:ERROR:CONSOLE(1)] "Unknown VE context: language-mismatch", source: devtools://devtools/bundled/devtools-frontend/front_end/ui/visual_logging/visual_logging.js (1)
10월 17, 2024 16:48:07.459 [12080:17632:1017/164807.458:ERROR:CONSOLE(1)] "Unknown VE context: language-mismatch", source: devtools://devtools/bundled/devtools-frontend/front_end/ui/visual_logging/visual_logging.js (1)
10월 17, 2024 16:48:08.228 [12080:17632:1017/164808.227:ERROR:CONSOLE(1)] "Unknown VE context: language-mismatch", source: devtools://devtools/bundled/devtools-frontend/front_end/ui/visual_logging/visual_logging.js (1)
10월 17, 2024 16:48:14.141 [12080:17632:1017/164814.141:ERROR:CONSOLE(1)] "Unknown VE context: language-mismatch", source: devtools://devtools/bundled/devtools-frontend/front_end/ui/visual_logging/visual_logging.js (1)
10월 17, 2024 16:48:14.729 [12080:17632:1017/164814.729:ERROR:CONSOLE(1)] "Unknown VE context: language-mismatch", source: devtools://devtools/bundled/devtools-frontend/front_end/ui/visual_logging/visual_logging.js (1)
10월 17, 2024 16:48:15.242 [12080:17632:1017/164815.241:ERROR:CONSOLE(1)] "Unknown VE context: language-mismatch", source: devtools://devtools/bundled/devtools-frontend/front_end/ui/visual_logging/visual_logging.js (1)
10월 17, 2024 16:48:15.841 [12080:17632:1017/164815.841:ERROR:CONSOLE(1)] "Unknown VE context: language-mismatch", source: devtools://devtools/bundled/devtools-frontend/front_end/ui/visual_logging/visual_logging.js (1)
10월 17, 2024 16:48:16.395 [12080:17632:1017/164816.394:ERROR:CONSOLE(1)] "Unknown VE context: language-mismatch", source: devtools://devtools/bundled/devtools-frontend/front_end/ui/visual_logging/visual_logging.js (1)
10월 17, 2024 16:48:16.910 [12080:17632:1017/164816.910:ERROR:CONSOLE(1)] "Unknown VE context: language-mismatch", source: devtools://devtools/bundled/devtools-frontend/front_end/ui/visual_logging/visual_logging.js (1)
10월 17, 2024 16:48:17.433 [12080:17632:1017/164817.433:ERROR:CONSOLE(1)] "Unknown VE context: language-mismatch", source: devtools://devtools/bundled/devtools-frontend/front_end/ui/visual_logging/visual_logging.js (1)
10월 17, 2024 16:48:17.959 [12080:17632:1017/164817.959:ERROR:CONSOLE(1)] "Unknown VE context: language-mismatch", source: devtools://devtools/bundled/devtools-frontend/front_end/ui/visual_logging/visual_logging.js (1)
10월 17, 2024 16:48:18.493 [12080:17632:1017/164818.492:ERROR:CONSOLE(1)] "Unknown VE context: language-mismatch", source: devtools://devtools/bundled/devtools-frontend/front_end/ui/visual_logging/visual_logging.js (1)
10월 17, 2024 16:48:19.26 [12080:17632:1017/164819.025:ERROR:CONSOLE(1)] "Unknown VE context: language-mismatch", source: devtools://devtools/bundled/devtools-frontend/front_end/ui/visual_logging/visual_logging.js (1)
10월 17, 2024 16:48:20.892 [12080:17632:1017/164820.892:ERROR:CONSOLE(1)] "Unknown VE context: language-mismatch", source: devtools://devtools/bundled/devtools-frontend/front_end/ui/visual_logging/visual_logging.js (1)

10월 17, 2024 17:20:25.913 NEW SESSION
10월 17, 2024 17:20:25.913 Created TensorFlow Lite XNNPACK delegate for CPU.
10월 17, 2024 17:20:26.114 [19124:2528:1017/172026.114:ERROR:registration_request.cc(291)] Registration response error message: DEPRECATED_ENDPOINT
10월 17, 2024 17:20:50.147 [19124:2528:1017/172050.147:ERROR:registration_request.cc(291)] Registration response error message: DEPRECATED_ENDPOINT

10월 18, 2024 08:28:42.437 NEW SESSION
10월 18, 2024 08:28:42.437 [14056:8976:1018/082842.435:ERROR:registration_request.cc(291)] Registration response error message: DEPRECATED_ENDPOINT
10월 18, 2024 08:28:42.648 Created TensorFlow Lite XNNPACK delegate for CPU.
10월 18, 2024 08:29:03.692 [14056:8976:1018/082903.691:ERROR:registration_request.cc(291)] Registration response error message: DEPRECATED_ENDPOINT
10월 18, 2024 08:29:59.202 [14056:8976:1018/082959.201:ERROR:registration_request.cc(291)] Registration response error message: DEPRECATED_ENDPOINT
10월 18, 2024 08:31:45.445 [14056:8976:1018/083145.444:ERROR:registration_request.cc(291)] Registration response error message: DEPRECATED_ENDPOINT
10월 18, 2024 08:34:32.790 [14056:8976:1018/083432.790:ERROR:registration_request.cc(291)] Registration response error message: DEPRECATED_ENDPOINT
10월 18, 2024 08:41:48.373 [14056:8976:1018/084148.373:ERROR:registration_request.cc(291)] Registration response error message: DEPRECATED_ENDPOINT
10월 18, 2024 08:50:33.307 [14056:16728:1018/085033.307:ERROR:interface_endpoint_client.cc(725)] Message 0 rejected by interface blink.mojom.WidgetHost
10월 18, 2024 11:05:13.639 [14056:16728:1018/110513.639:ERROR:interface_endpoint_client.cc(725)] Message 5 rejected by interface blink.mojom.WidgetHost
10월 18, 2024 11:05:15.406 [14056:16728:1018/110515.405:ERROR:interface_endpoint_client.cc(725)] Message 5 rejected by interface blink.mojom.WidgetHost
10월 18, 2024 13:32:10.897 [14056:16728:1018/133210.896:ERROR:interface_endpoint_client.cc(725)] Message 0 rejected by interface blink.mojom.WidgetHost
10월 18, 2024 16:45:37.249 [14056:16728:1018/164537.248:ERROR:CONSOLE(1)] "Unknown VE context: language-mismatch", source: devtools://devtools/bundled/devtools-frontend/front_end/ui/visual_logging/visual_logging.js (1)
10월 18, 2024 16:45:37.771 [14056:16728:1018/164537.771:ERROR:CONSOLE(1)] "Unknown VE context: language-mismatch", source: devtools://devtools/bundled/devtools-frontend/front_end/ui/visual_logging/visual_logging.js (1)
10월 18, 2024 16:45:38.962 [14056:16728:1018/164538.962:ERROR:CONSOLE(1)] "Unknown VE context: language-mismatch", source: devtools://devtools/bundled/devtools-frontend/front_end/ui/visual_logging/visual_logging.js (1)
10월 18, 2024 16:45:39.623 [14056:16728:1018/164539.605:ERROR:CONSOLE(1)] "Unknown VE context: language-mismatch", source: devtools://devtools/bundled/devtools-frontend/front_end/ui/visual_logging/visual_logging.js (1)
10월 18, 2024 17:28:28.996 [14056:16728:1018/172828.996:ERROR:CONSOLE(1)] "Unknown VE context: language-mismatch", source: devtools://devtools/bundled/devtools-frontend/front_end/ui/visual_logging/visual_logging.js (1)
10월 18, 2024 17:28:29.538 [14056:16728:1018/172829.538:ERROR:CONSOLE(1)] "Unknown VE context: language-mismatch", source: devtools://devtools/bundled/devtools-frontend/front_end/ui/visual_logging/visual_logging.js (1)
10월 18, 2024 17:28:30.88 [14056:16728:1018/172830.088:ERROR:CONSOLE(1)] "Unknown VE context: language-mismatch", source: devtools://devtools/bundled/devtools-frontend/front_end/ui/visual_logging/visual_logging.js (1)
10월 18, 2024 17:28:30.856 [14056:16728:1018/172830.856:ERROR:CONSOLE(1)] "Unknown VE context: language-mismatch", source: devtools://devtools/bundled/devtools-frontend/front_end/ui/visual_logging/visual_logging.js (1)
10월 18, 2024 17:28:31.507 [14056:16728:1018/172831.506:ERROR:CONSOLE(1)] "Unknown VE context: language-mismatch", source: devtools://devtools/bundled/devtools-frontend/front_end/ui/visual_logging/visual_logging.js (1)
10월 18, 2024 17:28:34.689 [14056:16728:1018/172834.689:ERROR:CONSOLE(1)] "Unknown VE context: language-mismatch", source: devtools://devtools/bundled/devtools-frontend/front_end/ui/visual_logging/visual_logging.js (1)
10월 18, 2024 17:29:12.769 [14056:16728:1018/172912.768:ERROR:CONSOLE(1)] "Unknown VE context: language-mismatch", source: devtools://devtools/bundled/devtools-frontend/front_end/ui/visual_logging/visual_logging.js (1)
10월 18, 2024 17:29:13.305 [14056:16728:1018/172913.304:ERROR:CONSOLE(1)] "Unknown VE context: language-mismatch", source: devtools://devtools/bundled/devtools-frontend/front_end/ui/visual_logging/visual_logging.js (1)
10월 18, 2024 17:29:14.554 [14056:16728:1018/172914.554:ERROR:CONSOLE(1)] "Unknown VE context: language-mismatch", source: devtools://devtools/bundled/devtools-frontend/front_end/ui/visual_logging/visual_logging.js (1)
10월 18, 2024 17:29:15.292 [14056:16728:1018/172915.292:ERROR:CONSOLE(1)] "Unknown VE context: language-mismatch", source: devtools://devtools/bundled/devtools-frontend/front_end/ui/visual_logging/visual_logging.js (1)
10월 18, 2024 17:29:15.907 [14056:16728:1018/172915.906:ERROR:CONSOLE(1)] "Unknown VE context: language-mismatch", source: devtools://devtools/bundled/devtools-frontend/front_end/ui/visual_logging/visual_logging.js (1)
10월 18, 2024 17:29:16.487 [14056:16728:1018/172916.487:ERROR:CONSOLE(1)] "Unknown VE context: language-mismatch", source: devtools://devtools/bundled/devtools-frontend/front_end/ui/visual_logging/visual_logging.js (1)
10월 18, 2024 17:29:17.72 [14056:16728:1018/172917.072:ERROR:CONSOLE(1)] "Unknown VE context: language-mismatch", source: devtools://devtools/bundled/devtools-frontend/front_end/ui/visual_logging/visual_logging.js (1)
10월 18, 2024 17:29:19.620 [14056:16728:1018/172919.620:ERROR:CONSOLE(1)] "Unknown VE context: language-mismatch", source: devtools://devtools/bundled/devtools-frontend/front_end/ui/visual_logging/visual_logging.js (1)
10월 18, 2024 17:29:20.423 [14056:16728:1018/172920.422:ERROR:CONSOLE(1)] "Unknown VE context: language-mismatch", source: devtools://devtools/bundled/devtools-frontend/front_end/ui/visual_logging/visual_logging.js (1)
10월 18, 2024 17:29:21.255 [14056:16728:1018/172921.255:ERROR:CONSOLE(1)] "Unknown VE context: language-mismatch", source: devtools://devtools/bundled/devtools-frontend/front_end/ui/visual_logging/visual_logging.js (1)
10월 18, 2024 17:29:21.873 [14056:16728:1018/172921.872:ERROR:CONSOLE(1)] "Unknown VE context: language-mismatch", source: devtools://devtools/bundled/devtools-frontend/front_end/ui/visual_logging/visual_logging.js (1)
10월 18, 2024 17:29:22.805 [14056:16728:1018/172922.805:ERROR:CONSOLE(1)] "Unknown VE context: language-mismatch", source: devtools://devtools/bundled/devtools-frontend/front_end/ui/visual_logging/visual_logging.js (1)

10월 21, 2024 10:12:46.349 NEW SESSION
10월 21, 2024 10:12:46.349 [8188:12548:1021/101246.345:ERROR:registration_request.cc(291)] Registration response error message: DEPRECATED_ENDPOINT
10월 21, 2024 10:12:46.471 Created TensorFlow Lite XNNPACK delegate for CPU.
10월 21, 2024 10:13:15.339 [8188:12548:1021/101315.338:ERROR:registration_request.cc(291)] Registration response error message: DEPRECATED_ENDPOINT
10월 21, 2024 10:14:02.166 [8188:12548:1021/101402.166:ERROR:registration_request.cc(291)] Registration response error message: DEPRECATED_ENDPOINT
10월 21, 2024 10:15:53.775 [8188:12548:1021/101553.774:ERROR:registration_request.cc(291)] Registration response error message: DEPRECATED_ENDPOINT
10월 21, 2024 10:18:15.273 [8188:12548:1021/101815.272:ERROR:connection_factory_impl.cc(434)] Failed to connect to MCS endpoint with error -118
10월 21, 2024 10:18:36.303 [8188:12548:1021/101836.302:ERROR:connection_factory_impl.cc(434)] Failed to connect to MCS endpoint with error -118
10월 21, 2024 10:19:13.422 [8188:12548:1021/101913.421:ERROR:registration_request.cc(291)] Registration response error message: DEPRECATED_ENDPOINT
10월 21, 2024 10:19:25.535 [8188:12548:1021/101925.534:ERROR:connection_factory_impl.cc(434)] Failed to connect to MCS endpoint with error -118
10월 21, 2024 10:25:25.765 [8188:12548:1021/102525.764:ERROR:registration_request.cc(291)] Registration response error message: DEPRECATED_ENDPOINT
10월 21, 2024 12:10:12.01 [8188:20132:1021/121012.001:ERROR:CONSOLE(1)] "Unknown VE context: language-mismatch", source: devtools://devtools/bundled/devtools-frontend/front_end/ui/visual_logging/visual_logging.js (1)
10월 21, 2024 12:10:12.529 [8188:20132:1021/121012.529:ERROR:CONSOLE(1)] "Unknown VE context: language-mismatch", source: devtools://devtools/bundled/devtools-frontend/front_end/ui/visual_logging/visual_logging.js (1)
10월 21, 2024 12:10:14.12 [8188:20132:1021/121014.011:ERROR:CONSOLE(1)] "Unknown VE context: language-mismatch", source: devtools://devtools/bundled/devtools-frontend/front_end/ui/visual_logging/visual_logging.js (1)
10월 21, 2024 12:10:16.878 [8188:20132:1021/121016.877:ERROR:CONSOLE(1)] "Unknown VE context: language-mismatch", source: devtools://devtools/bundled/devtools-frontend/front_end/ui/visual_logging/visual_logging.js (1)
10월 21, 2024 12:10:17.394 [8188:20132:1021/121017.394:ERROR:CONSOLE(1)] "Unknown VE context: language-mismatch", source: devtools://devtools/bundled/devtools-frontend/front_end/ui/visual_logging/visual_logging.js (1)
10월 21, 2024 12:10:19.653 [8188:20132:1021/121019.653:ERROR:CONSOLE(1)] "Unknown VE context: language-mismatch", source: devtools://devtools/bundled/devtools-frontend/front_end/ui/visual_logging/visual_logging.js (1)
10월 21, 2024 12:10:20.177 [8188:20132:1021/121020.177:ERROR:CONSOLE(1)] "Unknown VE context: language-mismatch", source: devtools://devtools/bundled/devtools-frontend/front_end/ui/visual_logging/visual_logging.js (1)
10월 21, 2024 12:10:47.199 [8188:20132:1021/121047.198:ERROR:CONSOLE(1)] "Unknown VE context: language-mismatch", source: devtools://devtools/bundled/devtools-frontend/front_end/ui/visual_logging/visual_logging.js (1)
10월 21, 2024 12:10:47.710 [8188:20132:1021/121047.710:ERROR:CONSOLE(1)] "Unknown VE context: language-mismatch", source: devtools://devtools/bundled/devtools-frontend/front_end/ui/visual_logging/visual_logging.js (1)
10월 21, 2024 12:10:48.760 [8188:20132:1021/121048.759:ERROR:CONSOLE(1)] "Unknown VE context: language-mismatch", source: devtools://devtools/bundled/devtools-frontend/front_end/ui/visual_logging/visual_logging.js (1)
10월 21, 2024 12:10:49.277 [8188:20132:1021/121049.277:ERROR:CONSOLE(1)] "Unknown VE context: language-mismatch", source: devtools://devtools/bundled/devtools-frontend/front_end/ui/visual_logging/visual_logging.js (1)
10월 21, 2024 12:10:49.962 [8188:20132:1021/121049.961:ERROR:CONSOLE(1)] "Unknown VE context: language-mismatch", source: devtools://devtools/bundled/devtools-frontend/front_end/ui/visual_logging/visual_logging.js (1)
10월 21, 2024 12:10:50.478 [8188:20132:1021/121050.477:ERROR:CONSOLE(1)] "Unknown VE context: language-mismatch", source: devtools://devtools/bundled/devtools-frontend/front_end/ui/visual_logging/visual_logging.js (1)
10월 21, 2024 12:10:51.228 [8188:20132:1021/121051.228:ERROR:CONSOLE(1)] "Unknown VE context: language-mismatch", source: devtools://devtools/bundled/devtools-frontend/front_end/ui/visual_logging/visual_logging.js (1)
10월 21, 2024 12:30:15.489 [8188:20132:1021/123015.489:ERROR:CONSOLE(1)] "Unknown VE context: language-mismatch", source: devtools://devtools/bundled/devtools-frontend/front_end/ui/visual_logging/visual_logging.js (1)
10월 21, 2024 12:30:16.30 [8188:20132:1021/123016.029:ERROR:CONSOLE(1)] "Unknown VE context: language-mismatch", source: devtools://devtools/bundled/devtools-frontend/front_end/ui/visual_logging/visual_logging.js (1)
10월 21, 2024 12:30:16.744 [8188:20132:1021/123016.744:ERROR:CONSOLE(1)] "Unknown VE context: language-mismatch", source: devtools://devtools/bundled/devtools-frontend/front_end/ui/visual_logging/visual_logging.js (1)
10월 21, 2024 12:30:17.560 [8188:20132:1021/123017.560:ERROR:CONSOLE(1)] "Unknown VE context: language-mismatch", source: devtools://devtools/bundled/devtools-frontend/front_end/ui/visual_logging/visual_logging.js (1)
10월 21, 2024 12:30:18.162 [8188:20132:1021/123018.161:ERROR:CONSOLE(1)] "Unknown VE context: language-mismatch", source: devtools://devtools/bundled/devtools-frontend/front_end/ui/visual_logging/visual_logging.js (1)
10월 21, 2024 12:30:18.679 [8188:20132:1021/123018.679:ERROR:CONSOLE(1)] "Unknown VE context: language-mismatch", source: devtools://devtools/bundled/devtools-frontend/front_end/ui/visual_logging/visual_logging.js (1)
10월 21, 2024 12:30:20.944 [8188:20132:1021/123020.944:ERROR:CONSOLE(1)] "Unknown VE context: language-mismatch", source: devtools://devtools/bundled/devtools-frontend/front_end/ui/visual_logging/visual_logging.js (1)
10월 21, 2024 12:30:21.494 [8188:20132:1021/123021.494:ERROR:CONSOLE(1)] "Unknown VE context: language-mismatch", source: devtools://devtools/bundled/devtools-frontend/front_end/ui/visual_logging/visual_logging.js (1)
10월 21, 2024 12:30:22.430 [8188:20132:1021/123022.430:ERROR:CONSOLE(1)] "Unknown VE context: language-mismatch", source: devtools://devtools/bundled/devtools-frontend/front_end/ui/visual_logging/visual_logging.js (1)
10월 21, 2024 12:30:23.945 [8188:20132:1021/123023.944:ERROR:CONSOLE(1)] "Unknown VE context: language-mismatch", source: devtools://devtools/bundled/devtools-frontend/front_end/ui/visual_logging/visual_logging.js (1)
10월 21, 2024 12:30:24.456 [8188:20132:1021/123024.455:ERROR:CONSOLE(1)] "Unknown VE context: language-mismatch", source: devtools://devtools/bundled/devtools-frontend/front_end/ui/visual_logging/visual_logging.js (1)
10월 21, 2024 12:30:25.48 [8188:20132:1021/123025.048:ERROR:CONSOLE(1)] "Unknown VE context: language-mismatch", source: devtools://devtools/bundled/devtools-frontend/front_end/ui/visual_logging/visual_logging.js (1)
10월 21, 2024 12:30:25.629 [8188:20132:1021/123025.628:ERROR:CONSOLE(1)] "Unknown VE context: language-mismatch", source: devtools://devtools/bundled/devtools-frontend/front_end/ui/visual_logging/visual_logging.js (1)
10월 21, 2024 12:30:26.177 [8188:20132:1021/123026.176:ERROR:CONSOLE(1)] "Unknown VE context: language-mismatch", source: devtools://devtools/bundled/devtools-frontend/front_end/ui/visual_logging/visual_logging.js (1)
10월 21, 2024 12:30:27.977 [8188:20132:1021/123027.977:ERROR:CONSOLE(1)] "Unknown VE context: language-mismatch", source: devtools://devtools/bundled/devtools-frontend/front_end/ui/visual_logging/visual_logging.js (1)
10월 21, 2024 12:30:28.512 [8188:20132:1021/123028.512:ERROR:CONSOLE(1)] "Unknown VE context: language-mismatch", source: devtools://devtools/bundled/devtools-frontend/front_end/ui/visual_logging/visual_logging.js (1)
10월 21, 2024 12:30:30.561 [8188:20132:1021/123030.561:ERROR:CONSOLE(1)] "Unknown VE context: language-mismatch", source: devtools://devtools/bundled/devtools-frontend/front_end/ui/visual_logging/visual_logging.js (1)
10월 21, 2024 12:30:31.228 [8188:20132:1021/123031.227:ERROR:CONSOLE(1)] "Unknown VE context: language-mismatch", source: devtools://devtools/bundled/devtools-frontend/front_end/ui/visual_logging/visual_logging.js (1)
10월 21, 2024 12:30:31.762 [8188:20132:1021/123031.762:ERROR:CONSOLE(1)] "Unknown VE context: language-mismatch", source: devtools://devtools/bundled/devtools-frontend/front_end/ui/visual_logging/visual_logging.js (1)
10월 21, 2024 12:30:32.294 [8188:20132:1021/123032.293:ERROR:CONSOLE(1)] "Unknown VE context: language-mismatch", source: devtools://devtools/bundled/devtools-frontend/front_end/ui/visual_logging/visual_logging.js (1)
10월 21, 2024 12:30:32.829 [8188:20132:1021/123032.829:ERROR:CONSOLE(1)] "Unknown VE context: language-mismatch", source: devtools://devtools/bundled/devtools-frontend/front_end/ui/visual_logging/visual_logging.js (1)
10월 21, 2024 12:30:33.346 [8188:20132:1021/123033.346:ERROR:CONSOLE(1)] "Unknown VE context: language-mismatch", source: devtools://devtools/bundled/devtools-frontend/front_end/ui/visual_logging/visual_logging.js (1)
10월 21, 2024 12:30:33.946 [8188:20132:1021/123033.945:ERROR:CONSOLE(1)] "Unknown VE context: language-mismatch", source: devtools://devtools/bundled/devtools-frontend/front_end/ui/visual_logging/visual_logging.js (1)
10월 21, 2024 12:30:34.577 [8188:20132:1021/123034.577:ERROR:CONSOLE(1)] "Unknown VE context: language-mismatch", source: devtools://devtools/bundled/devtools-frontend/front_end/ui/visual_logging/visual_logging.js (1)
10월 21, 2024 12:30:35.118 [8188:20132:1021/123035.117:ERROR:CONSOLE(1)] "Unknown VE context: language-mismatch", source: devtools://devtools/bundled/devtools-frontend/front_end/ui/visual_logging/visual_logging.js (1)
10월 21, 2024 12:30:35.797 [8188:20132:1021/123035.796:ERROR:CONSOLE(1)] "Unknown VE context: language-mismatch", source: devtools://devtools/bundled/devtools-frontend/front_end/ui/visual_logging/visual_logging.js (1)
10월 21, 2024 12:30:36.410 [8188:20132:1021/123036.410:ERROR:CONSOLE(1)] "Unknown VE context: language-mismatch", source: devtools://devtools/bundled/devtools-frontend/front_end/ui/visual_logging/visual_logging.js (1)
10월 21, 2024 12:30:36.930 [8188:20132:1021/123036.930:ERROR:CONSOLE(1)] "Unknown VE context: language-mismatch", source: devtools://devtools/bundled/devtools-frontend/front_end/ui/visual_logging/visual_logging.js (1)
10월 21, 2024 12:30:40.263 [8188:20132:1021/123040.263:ERROR:CONSOLE(1)] "Unknown VE context: language-mismatch", source: devtools://devtools/bundled/devtools-frontend/front_end/ui/visual_logging/visual_logging.js (1)
10월 21, 2024 12:30:40.979 [8188:20132:1021/123040.979:ERROR:CONSOLE(1)] "Unknown VE context: language-mismatch", source: devtools://devtools/bundled/devtools-frontend/front_end/ui/visual_logging/visual_logging.js (1)
10월 21, 2024 12:30:42.95 [8188:20132:1021/123042.095:ERROR:CONSOLE(1)] "Unknown VE context: language-mismatch", source: devtools://devtools/bundled/devtools-frontend/front_end/ui/visual_logging/visual_logging.js (1)
10월 21, 2024 12:30:42.629 [8188:20132:1021/123042.629:ERROR:CONSOLE(1)] "Unknown VE context: language-mismatch", source: devtools://devtools/bundled/devtools-frontend/front_end/ui/visual_logging/visual_logging.js (1)
10월 21, 2024 12:33:21.117 [8188:20132:1021/123321.116:ERROR:interface_endpoint_client.cc(725)] Message 0 rejected by interface blink.mojom.WidgetHost
10월 21, 2024 12:47:15.673 [8188:20132:1021/124715.673:ERROR:CONSOLE(1)] "Unknown VE context: language-mismatch", source: devtools://devtools/bundled/devtools-frontend/front_end/ui/visual_logging/visual_logging.js (1)
10월 21, 2024 12:47:16.212 [8188:20132:1021/124716.211:ERROR:CONSOLE(1)] "Unknown VE context: language-mismatch", source: devtools://devtools/bundled/devtools-frontend/front_end/ui/visual_logging/visual_logging.js (1)
10월 21, 2024 12:47:17.76 [8188:20132:1021/124717.076:ERROR:CONSOLE(1)] "Unknown VE context: language-mismatch", source: devtools://devtools/bundled/devtools-frontend/front_end/ui/visual_logging/visual_logging.js (1)
10월 21, 2024 12:47:17.744 [8188:20132:1021/124717.744:ERROR:CONSOLE(1)] "Unknown VE context: language-mismatch", source: devtools://devtools/bundled/devtools-frontend/front_end/ui/visual_logging/visual_logging.js (1)
10월 21, 2024 12:47:18.512 [8188:20132:1021/124718.512:ERROR:CONSOLE(1)] "Unknown VE context: language-mismatch", source: devtools://devtools/bundled/devtools-frontend/front_end/ui/visual_logging/visual_logging.js (1)
10월 21, 2024 14:43:49.209 [8188:20132:1021/144349.208:ERROR:CONSOLE(1)] "Unknown VE context: language-mismatch", source: devtools://devtools/bundled/devtools-frontend/front_end/ui/visual_logging/visual_logging.js (1)
10월 21, 2024 14:43:49.746 [8188:20132:1021/144349.745:ERROR:CONSOLE(1)] "Unknown VE context: language-mismatch", source: devtools://devtools/bundled/devtools-frontend/front_end/ui/visual_logging/visual_logging.js (1)
10월 21, 2024 14:43:51.228 [8188:20132:1021/144351.228:ERROR:CONSOLE(1)] "Unknown VE context: language-mismatch", source: devtools://devtools/bundled/devtools-frontend/front_end/ui/visual_logging/visual_logging.js (1)
10월 21, 2024 14:43:51.894 [8188:20132:1021/144351.894:ERROR:CONSOLE(1)] "Unknown VE context: language-mismatch", source: devtools://devtools/bundled/devtools-frontend/front_end/ui/visual_logging/visual_logging.js (1)
10월 21, 2024 14:43:52.445 [8188:20132:1021/144352.444:ERROR:CONSOLE(1)] "Unknown VE context: language-mismatch", source: devtools://devtools/bundled/devtools-frontend/front_end/ui/visual_logging/visual_logging.js (1)
10월 21, 2024 14:43:52.977 [8188:20132:1021/144352.977:ERROR:CONSOLE(1)] "Unknown VE context: language-mismatch", source: devtools://devtools/bundled/devtools-frontend/front_end/ui/visual_logging/visual_logging.js (1)
10월 21, 2024 14:43:53.796 [8188:20132:1021/144353.795:ERROR:CONSOLE(1)] "Unknown VE context: language-mismatch", source: devtools://devtools/bundled/devtools-frontend/front_end/ui/visual_logging/visual_logging.js (1)
10월 21, 2024 14:43:54.342 [8188:20132:1021/144354.342:ERROR:CONSOLE(1)] "Unknown VE context: language-mismatch", source: devtools://devtools/bundled/devtools-frontend/front_end/ui/visual_logging/visual_logging.js (1)
10월 21, 2024 14:43:54.996 [8188:20132:1021/144354.996:ERROR:CONSOLE(1)] "Unknown VE context: language-mismatch", source: devtools://devtools/bundled/devtools-frontend/front_end/ui/visual_logging/visual_logging.js (1)
10월 21, 2024 14:43:55.512 [8188:20132:1021/144355.512:ERROR:CONSOLE(1)] "Unknown VE context: language-mismatch", source: devtools://devtools/bundled/devtools-frontend/front_end/ui/visual_logging/visual_logging.js (1)
10월 21, 2024 14:43:56.93 [8188:20132:1021/144356.093:ERROR:CONSOLE(1)] "Unknown VE context: language-mismatch", source: devtools://devtools/bundled/devtools-frontend/front_end/ui/visual_logging/visual_logging.js (1)
10월 21, 2024 14:43:56.610 [8188:20132:1021/144356.609:ERROR:CONSOLE(1)] "Unknown VE context: language-mismatch", source: devtools://devtools/bundled/devtools-frontend/front_end/ui/visual_logging/visual_logging.js (1)
10월 21, 2024 14:43:57.443 [8188:20132:1021/144357.442:ERROR:CONSOLE(1)] "Unknown VE context: language-mismatch", source: devtools://devtools/bundled/devtools-frontend/front_end/ui/visual_logging/visual_logging.js (1)
10월 21, 2024 14:43:58.267 [8188:20132:1021/144358.266:ERROR:CONSOLE(1)] "Unknown VE context: language-mismatch", source: devtools://devtools/bundled/devtools-frontend/front_end/ui/visual_logging/visual_logging.js (1)
10월 21, 2024 14:43:59.70 [8188:20132:1021/144359.070:ERROR:CONSOLE(1)] "Unknown VE context: language-mismatch", source: devtools://devtools/bundled/devtools-frontend/front_end/ui/visual_logging/visual_logging.js (1)
10월 21, 2024 14:43:59.595 [8188:20132:1021/144359.595:ERROR:CONSOLE(1)] "Unknown VE context: language-mismatch", source: devtools://devtools/bundled/devtools-frontend/front_end/ui/visual_logging/visual_logging.js (1)
10월 21, 2024 14:44:00.174 [8188:20132:1021/144400.173:ERROR:CONSOLE(1)] "Unknown VE context: language-mismatch", source: devtools://devtools/bundled/devtools-frontend/front_end/ui/visual_logging/visual_logging.js (1)
10월 21, 2024 14:44:00.876 [8188:20132:1021/144400.876:ERROR:CONSOLE(1)] "Unknown VE context: language-mismatch", source: devtools://devtools/bundled/devtools-frontend/front_end/ui/visual_logging/visual_logging.js (1)
10월 21, 2024 14:44:01.385 [8188:20132:1021/144401.384:ERROR:CONSOLE(1)] "Unknown VE context: language-mismatch", source: devtools://devtools/bundled/devtools-frontend/front_end/ui/visual_logging/visual_logging.js (1)
10월 21, 2024 14:44:02.111 [8188:20132:1021/144402.110:ERROR:CONSOLE(1)] "Unknown VE context: language-mismatch", source: devtools://devtools/bundled/devtools-frontend/front_end/ui/visual_logging/visual_logging.js (1)
10월 21, 2024 14:44:02.884 [8188:20132:1021/144402.883:ERROR:CONSOLE(1)] "Unknown VE context: language-mismatch", source: devtools://devtools/bundled/devtools-frontend/front_end/ui/visual_logging/visual_logging.js (1)
10월 21, 2024 14:44:03.533 [8188:20132:1021/144403.532:ERROR:CONSOLE(1)] "Unknown VE context: language-mismatch", source: devtools://devtools/bundled/devtools-frontend/front_end/ui/visual_logging/visual_logging.js (1)
10월 21, 2024 14:44:04.231 [8188:20132:1021/144404.231:ERROR:CONSOLE(1)] "Unknown VE context: language-mismatch", source: devtools://devtools/bundled/devtools-frontend/front_end/ui/visual_logging/visual_logging.js (1)
10월 21, 2024 14:44:04.992 [8188:20132:1021/144404.992:ERROR:CONSOLE(1)] "Unknown VE context: language-mismatch", source: devtools://devtools/bundled/devtools-frontend/front_end/ui/visual_logging/visual_logging.js (1)
10월 21, 2024 14:44:05.562 [8188:20132:1021/144405.562:ERROR:CONSOLE(1)] "Unknown VE context: language-mismatch", source: devtools://devtools/bundled/devtools-frontend/front_end/ui/visual_logging/visual_logging.js (1)
10월 21, 2024 14:44:06.121 [8188:20132:1021/144406.120:ERROR:CONSOLE(1)] "Unknown VE context: language-mismatch", source: devtools://devtools/bundled/devtools-frontend/front_end/ui/visual_logging/visual_logging.js (1)
10월 21, 2024 14:44:07.144 [8188:20132:1021/144407.143:ERROR:CONSOLE(1)] "Unknown VE context: language-mismatch", source: devtools://devtools/bundled/devtools-frontend/front_end/ui/visual_logging/visual_logging.js (1)
10월 21, 2024 14:44:07.863 [8188:20132:1021/144407.863:ERROR:CONSOLE(1)] "Unknown VE context: language-mismatch", source: devtools://devtools/bundled/devtools-frontend/front_end/ui/visual_logging/visual_logging.js (1)
10월 21, 2024 14:44:08.427 [8188:20132:1021/144408.427:ERROR:CONSOLE(1)] "Unknown VE context: language-mismatch", source: devtools://devtools/bundled/devtools-frontend/front_end/ui/visual_logging/visual_logging.js (1)
10월 21, 2024 14:44:08.992 [8188:20132:1021/144408.992:ERROR:CONSOLE(1)] "Unknown VE context: language-mismatch", source: devtools://devtools/bundled/devtools-frontend/front_end/ui/visual_logging/visual_logging.js (1)
10월 21, 2024 14:44:09.626 [8188:20132:1021/144409.626:ERROR:CONSOLE(1)] "Unknown VE context: language-mismatch", source: devtools://devtools/bundled/devtools-frontend/front_end/ui/visual_logging/visual_logging.js (1)
10월 21, 2024 14:44:10.145 [8188:20132:1021/144410.144:ERROR:CONSOLE(1)] "Unknown VE context: language-mismatch", source: devtools://devtools/bundled/devtools-frontend/front_end/ui/visual_logging/visual_logging.js (1)
10월 21, 2024 14:44:10.743 [8188:20132:1021/144410.743:ERROR:CONSOLE(1)] "Unknown VE context: language-mismatch", source: devtools://devtools/bundled/devtools-frontend/front_end/ui/visual_logging/visual_logging.js (1)
10월 21, 2024 14:44:11.611 [8188:20132:1021/144411.610:ERROR:CONSOLE(1)] "Unknown VE context: language-mismatch", source: devtools://devtools/bundled/devtools-frontend/front_end/ui/visual_logging/visual_logging.js (1)
10월 21, 2024 14:44:12.311 [8188:20132:1021/144412.311:ERROR:CONSOLE(1)] "Unknown VE context: language-mismatch", source: devtools://devtools/bundled/devtools-frontend/front_end/ui/visual_logging/visual_logging.js (1)
10월 21, 2024 14:44:12.862 [8188:20132:1021/144412.862:ERROR:CONSOLE(1)] "Unknown VE context: language-mismatch", source: devtools://devtools/bundled/devtools-frontend/front_end/ui/visual_logging/visual_logging.js (1)
10월 21, 2024 14:44:13.807 [8188:20132:1021/144413.806:ERROR:CONSOLE(1)] "Unknown VE context: language-mismatch", source: devtools://devtools/bundled/devtools-frontend/front_end/ui/visual_logging/visual_logging.js (1)
10월 21, 2024 14:44:14.710 [8188:20132:1021/144414.710:ERROR:CONSOLE(1)] "Unknown VE context: language-mismatch", source: devtools://devtools/bundled/devtools-frontend/front_end/ui/visual_logging/visual_logging.js (1)
10월 21, 2024 14:44:17.476 [8188:20132:1021/144417.475:ERROR:CONSOLE(1)] "Unknown VE context: language-mismatch", source: devtools://devtools/bundled/devtools-frontend/front_end/ui/visual_logging/visual_logging.js (1)
10월 21, 2024 14:44:18.94 [8188:20132:1021/144418.094:ERROR:CONSOLE(1)] "Unknown VE context: language-mismatch", source: devtools://devtools/bundled/devtools-frontend/front_end/ui/visual_logging/visual_logging.js (1)
10월 21, 2024 14:44:18.676 [8188:20132:1021/144418.676:ERROR:CONSOLE(1)] "Unknown VE context: language-mismatch", source: devtools://devtools/bundled/devtools-frontend/front_end/ui/visual_logging/visual_logging.js (1)
10월 21, 2024 14:44:19.295 [8188:20132:1021/144419.295:ERROR:CONSOLE(1)] "Unknown VE context: language-mismatch", source: devtools://devtools/bundled/devtools-frontend/front_end/ui/visual_logging/visual_logging.js (1)
10월 21, 2024 14:44:19.812 [8188:20132:1021/144419.811:ERROR:CONSOLE(1)] "Unknown VE context: language-mismatch", source: devtools://devtools/bundled/devtools-frontend/front_end/ui/visual_logging/visual_logging.js (1)
10월 21, 2024 14:44:20.779 [8188:20132:1021/144420.778:ERROR:CONSOLE(1)] "Unknown VE context: language-mismatch", source: devtools://devtools/bundled/devtools-frontend/front_end/ui/visual_logging/visual_logging.js (1)
10월 21, 2024 14:44:21.362 [8188:20132:1021/144421.361:ERROR:CONSOLE(1)] "Unknown VE context: language-mismatch", source: devtools://devtools/bundled/devtools-frontend/front_end/ui/visual_logging/visual_logging.js (1)
10월 21, 2024 14:44:22.76 [8188:20132:1021/144422.076:ERROR:CONSOLE(1)] "Unknown VE context: language-mismatch", source: devtools://devtools/bundled/devtools-frontend/front_end/ui/visual_logging/visual_logging.js (1)
10월 21, 2024 14:44:22.660 [8188:20132:1021/144422.659:ERROR:CONSOLE(1)] "Unknown VE context: language-mismatch", source: devtools://devtools/bundled/devtools-frontend/front_end/ui/visual_logging/visual_logging.js (1)
10월 21, 2024 14:44:23.634 [8188:20132:1021/144423.633:ERROR:CONSOLE(1)] "Unknown VE context: language-mismatch", source: devtools://devtools/bundled/devtools-frontend/front_end/ui/visual_logging/visual_logging.js (1)
10월 21, 2024 14:44:24.759 [8188:20132:1021/144424.759:ERROR:CONSOLE(1)] "Unknown VE context: language-mismatch", source: devtools://devtools/bundled/devtools-frontend/front_end/ui/visual_logging/visual_logging.js (1)
10월 21, 2024 14:45:12.943 [8188:20132:1021/144512.943:ERROR:CONSOLE(1)] "Unknown VE context: language-mismatch", source: devtools://devtools/bundled/devtools-frontend/front_end/ui/visual_logging/visual_logging.js (1)
10월 21, 2024 14:45:13.478 [8188:20132:1021/144513.477:ERROR:CONSOLE(1)] "Unknown VE context: language-mismatch", source: devtools://devtools/bundled/devtools-frontend/front_end/ui/visual_logging/visual_logging.js (1)
10월 21, 2024 14:45:14.326 [8188:20132:1021/144514.326:ERROR:CONSOLE(1)] "Unknown VE context: language-mismatch", source: devtools://devtools/bundled/devtools-frontend/front_end/ui/visual_logging/visual_logging.js (1)
10월 21, 2024 14:47:06.211 [8188:20132:1021/144706.211:ERROR:CONSOLE(1)] "Unknown VE context: language-mismatch", source: devtools://devtools/bundled/devtools-frontend/front_end/ui/visual_logging/visual_logging.js (1)
10월 21, 2024 14:47:06.850 [8188:20132:1021/144706.849:ERROR:CONSOLE(1)] "Unknown VE context: language-mismatch", source: devtools://devtools/bundled/devtools-frontend/front_end/ui/visual_logging/visual_logging.js (1)
10월 21, 2024 14:47:07.365 [8188:20132:1021/144707.365:ERROR:CONSOLE(1)] "Unknown VE context: language-mismatch", source: devtools://devtools/bundled/devtools-frontend/front_end/ui/visual_logging/visual_logging.js (1)
10월 21, 2024 14:50:01.626 [8188:20132:1021/145001.626:ERROR:CONSOLE(1)] "Unknown VE context: language-mismatch", source: devtools://devtools/bundled/devtools-frontend/front_end/ui/visual_logging/visual_logging.js (1)
10월 21, 2024 14:50:02.162 [8188:20132:1021/145002.162:ERROR:CONSOLE(1)] "Unknown VE context: language-mismatch", source: devtools://devtools/bundled/devtools-frontend/front_end/ui/visual_logging/visual_logging.js (1)
10월 21, 2024 14:50:02.964 [8188:20132:1021/145002.963:ERROR:CONSOLE(1)] "Unknown VE context: language-mismatch", source: devtools://devtools/bundled/devtools-frontend/front_end/ui/visual_logging/visual_logging.js (1)
10월 21, 2024 14:50:03.642 [8188:20132:1021/145003.642:ERROR:CONSOLE(1)] "Unknown VE context: language-mismatch", source: devtools://devtools/bundled/devtools-frontend/front_end/ui/visual_logging/visual_logging.js (1)
10월 21, 2024 14:50:04.863 [8188:20132:1021/145004.862:ERROR:CONSOLE(1)] "Unknown VE context: language-mismatch", source: devtools://devtools/bundled/devtools-frontend/front_end/ui/visual_logging/visual_logging.js (1)
10월 21, 2024 14:50:05.462 [8188:20132:1021/145005.461:ERROR:CONSOLE(1)] "Unknown VE context: language-mismatch", source: devtools://devtools/bundled/devtools-frontend/front_end/ui/visual_logging/visual_logging.js (1)
10월 21, 2024 14:50:06.37 [8188:20132:1021/145006.036:ERROR:CONSOLE(1)] "Unknown VE context: language-mismatch", source: devtools://devtools/bundled/devtools-frontend/front_end/ui/visual_logging/visual_logging.js (1)
10월 21, 2024 14:50:06.727 [8188:20132:1021/145006.727:ERROR:CONSOLE(1)] "Unknown VE context: language-mismatch", source: devtools://devtools/bundled/devtools-frontend/front_end/ui/visual_logging/visual_logging.js (1)
10월 21, 2024 14:50:07.346 [8188:20132:1021/145007.346:ERROR:CONSOLE(1)] "Unknown VE context: language-mismatch", source: devtools://devtools/bundled/devtools-frontend/front_end/ui/visual_logging/visual_logging.js (1)
10월 21, 2024 14:50:08.112 [8188:20132:1021/145008.112:ERROR:CONSOLE(1)] "Unknown VE context: language-mismatch", source: devtools://devtools/bundled/devtools-frontend/front_end/ui/visual_logging/visual_logging.js (1)
10월 21, 2024 14:50:08.765 [8188:20132:1021/145008.764:ERROR:CONSOLE(1)] "Unknown VE context: language-mismatch", source: devtools://devtools/bundled/devtools-frontend/front_end/ui/visual_logging/visual_logging.js (1)
10월 21, 2024 14:50:09.584 [8188:20132:1021/145009.584:ERROR:CONSOLE(1)] "Unknown VE context: language-mismatch", source: devtools://devtools/bundled/devtools-frontend/front_end/ui/visual_logging/visual_logging.js (1)
10월 21, 2024 17:32:22.187 [8188:20132:1021/173222.187:ERROR:CONSOLE(1)] "Unknown VE context: language-mismatch", source: devtools://devtools/bundled/devtools-frontend/front_end/ui/visual_logging/visual_logging.js (1)
10월 21, 2024 17:32:22.730 [8188:20132:1021/173222.729:ERROR:CONSOLE(1)] "Unknown VE context: language-mismatch", source: devtools://devtools/bundled/devtools-frontend/front_end/ui/visual_logging/visual_logging.js (1)
10월 21, 2024 17:32:24.212 [8188:20132:1021/173224.211:ERROR:CONSOLE(1)] "Unknown VE context: language-mismatch", source: devtools://devtools/bundled/devtools-frontend/front_end/ui/visual_logging/visual_logging.js (1)
10월 21, 2024 17:32:26.295 [8188:20132:1021/173226.294:ERROR:CONSOLE(1)] "Unknown VE context: language-mismatch", source: devtools://devtools/bundled/devtools-frontend/front_end/ui/visual_logging/visual_logging.js (1)
10월 21, 2024 17:32:26.813 [8188:20132:1021/173226.812:ERROR:CONSOLE(1)] "Unknown VE context: language-mismatch", source: devtools://devtools/bundled/devtools-frontend/front_end/ui/visual_logging/visual_logging.js (1)
10월 21, 2024 17:32:31.427 [8188:20132:1021/173231.426:ERROR:CONSOLE(1)] "Unknown VE context: language-mismatch", source: devtools://devtools/bundled/devtools-frontend/front_end/ui/visual_logging/visual_logging.js (1)
10월 21, 2024 17:32:39.61 [8188:20132:1021/173239.060:ERROR:CONSOLE(1)] "Unknown VE context: language-mismatch", source: devtools://devtools/bundled/devtools-frontend/front_end/ui/visual_logging/visual_logging.js (1)
10월 21, 2024 17:32:43.686 [8188:20132:1021/173243.685:ERROR:CONSOLE(1)] "Unknown VE context: language-mismatch", source: devtools://devtools/bundled/devtools-frontend/front_end/ui/visual_logging/visual_logging.js (1)
10월 21, 2024 17:32:52.544 [8188:20132:1021/173252.544:ERROR:CONSOLE(1)] "Unknown VE context: language-mismatch", source: devtools://devtools/bundled/devtools-frontend/front_end/ui/visual_logging/visual_logging.js (1)
10월 21, 2024 17:33:19.963 [8188:20132:1021/173319.963:ERROR:CONSOLE(1)] "Unknown VE context: language-mismatch", source: devtools://devtools/bundled/devtools-frontend/front_end/ui/visual_logging/visual_logging.js (1)
10월 21, 2024 17:33:35.477 [8188:20132:1021/173335.477:ERROR:CONSOLE(1)] "Unknown VE context: language-mismatch", source: devtools://devtools/bundled/devtools-frontend/front_end/ui/visual_logging/visual_logging.js (1)
10월 21, 2024 17:33:37.477 [8188:20132:1021/173337.477:ERROR:CONSOLE(1)] "Unknown VE context: language-mismatch", source: devtools://devtools/bundled/devtools-frontend/front_end/ui/visual_logging/visual_logging.js (1)
10월 21, 2024 17:33:40.02 [8188:20132:1021/173340.002:ERROR:CONSOLE(1)] "Unknown VE context: language-mismatch", source: devtools://devtools/bundled/devtools-frontend/front_end/ui/visual_logging/visual_logging.js (1)
10월 21, 2024 17:33:40.547 [8188:20132:1021/173340.547:ERROR:CONSOLE(1)] "Unknown VE context: language-mismatch", source: devtools://devtools/bundled/devtools-frontend/front_end/ui/visual_logging/visual_logging.js (1)
10월 21, 2024 17:33:42.11 [8188:20132:1021/173342.011:ERROR:CONSOLE(1)] "Unknown VE context: language-mismatch", source: devtools://devtools/bundled/devtools-frontend/front_end/ui/visual_logging/visual_logging.js (1)
10월 21, 2024 17:33:44.912 [8188:20132:1021/173344.912:ERROR:CONSOLE(1)] "Unknown VE context: language-mismatch", source: devtools://devtools/bundled/devtools-frontend/front_end/ui/visual_logging/visual_logging.js (1)
10월 21, 2024 17:42:13.595 [8188:20132:1021/174213.595:ERROR:CONSOLE(1)] "Unknown VE context: language-mismatch", source: devtools://devtools/bundled/devtools-frontend/front_end/ui/visual_logging/visual_logging.js (1)
10월 21, 2024 17:42:14.119 [8188:20132:1021/174214.118:ERROR:CONSOLE(1)] "Unknown VE context: language-mismatch", source: devtools://devtools/bundled/devtools-frontend/front_end/ui/visual_logging/visual_logging.js (1)
10월 21, 2024 17:42:15.616 [8188:20132:1021/174215.615:ERROR:CONSOLE(1)] "Unknown VE context: language-mismatch", source: devtools://devtools/bundled/devtools-frontend/front_end/ui/visual_logging/visual_logging.js (1)
10월 21, 2024 17:42:16.136 [8188:20132:1021/174216.135:ERROR:CONSOLE(1)] "Unknown VE context: language-mismatch", source: devtools://devtools/bundled/devtools-frontend/front_end/ui/visual_logging/visual_logging.js (1)
10월 21, 2024 17:42:27.117 [8188:20132:1021/174227.117:ERROR:CONSOLE(1)] "Unknown VE context: language-mismatch", source: devtools://devtools/bundled/devtools-frontend/front_end/ui/visual_logging/visual_logging.js (1)
10월 21, 2024 17:42:30.718 [8188:20132:1021/174230.718:ERROR:CONSOLE(1)] "Unknown VE context: language-mismatch", source: devtools://devtools/bundled/devtools-frontend/front_end/ui/visual_logging/visual_logging.js (1)
10월 21, 2024 17:42:33.77 [8188:20132:1021/174233.077:ERROR:CONSOLE(1)] "Unknown VE context: language-mismatch", source: devtools://devtools/bundled/devtools-frontend/front_end/ui/visual_logging/visual_logging.js (1)
10월 21, 2024 17:42:33.636 [8188:20132:1021/174233.636:ERROR:CONSOLE(1)] "Unknown VE context: language-mismatch", source: devtools://devtools/bundled/devtools-frontend/front_end/ui/visual_logging/visual_logging.js (1)
10월 21, 2024 17:42:34.203 [8188:20132:1021/174234.203:ERROR:CONSOLE(1)] "Unknown VE context: language-mismatch", source: devtools://devtools/bundled/devtools-frontend/front_end/ui/visual_logging/visual_logging.js (1)
